<?xml version="1.0" encoding="UTF-8"?>
<!-- Generated by org.testng.reporters.JUnitReportReporter -->
<testsuite hostname="DESKTOP-TQ5Q620" failures="0" tests="2" name="com.protratiningtech.org.Trainingsessionsforthestudentsselenium.NewTest" time="0.026" errors="0" timestamp="2024-04-13T10:59:23 EDT" skipped="0">
  <testcase classname="com.protratiningtech.org.Trainingsessionsforthestudentsselenium.NewTest" name="f" time="0.020"/>
  <testcase classname="com.protratiningtech.org.Trainingsessionsforthestudentsselenium.NewTest" name="testsecond" time="0.006"/>
</testsuite> <!-- com.protratiningtech.org.Trainingsessionsforthestudentsselenium.NewTest -->
